<?xml version="1.0" encoding="UTF-8"?>
<testsuite xmlns:xsi="http://www.w3.org/2001/XMLSchema-instance" xsi:noNamespaceSchemaLocation="https://maven.apache.org/surefire/maven-surefire-plugin/xsd/surefire-test-report.xsd" version="3.0.2" name="org.delcom.app.configs.SecurityConfigTest" time="2.169" tests="5" errors="0" skipped="0" failures="0">
  <properties>
[...]
</properties>
  <testcase name="redirect_toLogin_ifNotAuthenticated" classname="org.delcom.app.configs.SecurityConfigTest" time="0.064">
    <system-out><![CDATA[&amp#27;[2m2025-12-11T23:59:00.154+07:00&amp#27;[0;39m &amp#27;[32m INFO&amp#27;[0;39m &amp#27;[35m2412&amp#27;[0;39m &amp#27;[2m--- [Aplikasi UI SpringBoot] [           main] &amp#27;[0;39m&amp#27;[36mt.c.s.AnnotationConfigContextLoaderUtils&amp#27;[0;39m &amp#27;[2m:&amp#27;[0;39m Could not detect default configuration classes for test class [org.delcom.app.configs.SecurityConfigTest]: SecurityConfigTest does not declare any static, non-private, non-final, nested classes annotated with @Configuration.
&amp#27;[2m2025-12-11T23:59:00.162+07:00&amp#27;[0;39m &amp#27;[32m INFO&amp#27;[0;39m &amp#27;[35m2412&amp#27;[0;39m &amp#27;[2m--- [Aplikasi UI SpringBoot] [           main] &amp#27;[0;39m&amp#27;[36m.b.t.c.SpringBootTestContextBootstrapper&amp#27;[0;39m &amp#27;[2m:&amp#27;[0;39m Found @SpringBootConfiguration org.delcom.app.Application for test class org.delcom.app.configs.SecurityConfigTest
&amp#27;[2m2025-12-11T23:59:00.176+07:00&amp#27;[0;39m &amp#27;[32m INFO&amp#27;[0;39m &amp#27;[35m2412&amp#27;[0;39m &amp#27;[2m--- [Aplikasi UI SpringBoot] [           main] &amp#27;[0;39m&amp#27;[36mo.s.b.d.r.RestartApplicationListener    &amp#27;[0;39m &amp#27;[2m:&amp#27;[0;39m Restart disabled due to context in which it is running
&amp#27;[2m2025-12-11T23:59:00.204+07:00&amp#27;[0;39m &amp#27;[32m INFO&amp#27;[0;39m &amp#27;[35m2412&amp#27;[0;39m &amp#27;[2m--- [Aplikasi UI SpringBoot] [           main] &amp#27;[0;39m&amp#27;[36mo.delcom.app.configs.SecurityConfigTest &amp#27;[0;39m &amp#27;[2m:&amp#27;[0;39m Starting SecurityConfigTest using Java 25.0.1 with PID 2412 (started by ASUS in C:\ifs24048-pbo-p11)
&amp#27;[2m2025-12-11T23:59:00.205+07:00&amp#27;[0;39m &amp#27;[32m INFO&amp#27;[0;39m &amp#27;[35m2412&amp#27;[0;39m &amp#27;[2m--- [Aplikasi UI SpringBoot] [           main] &amp#27;[0;39m&amp#27;[36mo.delcom.app.configs.SecurityConfigTest &amp#27;[0;39m &amp#27;[2m:&amp#27;[0;39m No active profile set, falling back to 1 default profile: "default"
&amp#27;[2m2025-12-11T23:59:00.425+07:00&amp#27;[0;39m &amp#27;[32m INFO&amp#27;[0;39m &amp#27;[35m2412&amp#27;[0;39m &amp#27;[2m--- [Aplikasi UI SpringBoot] [           main] &amp#27;[0;39m&amp#27;[36m.s.d.r.c.RepositoryConfigurationDelegate&amp#27;[0;39m &amp#27;[2m:&amp#27;[0;39m Bootstrapping Spring Data JPA repositories in DEFAULT mode.
&amp#27;[2m2025-12-11T23:59:00.443+07:00&amp#27;[0;39m &amp#27;[32m INFO&amp#27;[0;39m &amp#27;[35m2412&amp#27;[0;39m &amp#27;[2m--- [Aplikasi UI SpringBoot] [           main] &amp#27;[0;39m&amp#27;[36m.s.d.r.c.RepositoryConfigurationDelegate&amp#27;[0;39m &amp#27;[2m:&amp#27;[0;39m Finished Spring Data repository scanning in 18 ms. Found 4 JPA repository interfaces.
&amp#27;[2m2025-12-11T23:59:00.549+07:00&amp#27;[0;39m &amp#27;[32m INFO&amp#27;[0;39m &amp#27;[35m2412&amp#27;[0;39m &amp#27;[2m--- [Aplikasi UI SpringBoot] [           main] &amp#27;[0;39m&amp#27;[36mo.s.o.j.p.SpringPersistenceUnitInfo     &amp#27;[0;39m &amp#27;[2m:&amp#27;[0;39m No LoadTimeWeaver setup: ignoring JPA class transformer
&amp#27;[2m2025-12-11T23:59:00.550+07:00&amp#27;[0;39m &amp#27;[32m INFO&amp#27;[0;39m &amp#27;[35m2412&amp#27;[0;39m &amp#27;[2m--- [Aplikasi UI SpringBoot] [           main] &amp#27;[0;39m&amp#27;[36mcom.zaxxer.hikari.HikariDataSource      &amp#27;[0;39m &amp#27;[2m:&amp#27;[0;39m HikariPool-2 - Starting...
&amp#27;[2m2025-12-11T23:59:00.592+07:00&amp#27;[0;39m &amp#27;[32m INFO&amp#27;[0;39m &amp#27;[35m2412&amp#27;[0;39m &amp#27;[2m--- [Aplikasi UI SpringBoot] [           main] &amp#27;[0;39m&amp#27;[36mcom.zaxxer.hikari.pool.HikariPool       &amp#27;[0;39m &amp#27;[2m:&amp#27;[0;39m HikariPool-2 - Added connection org.postgresql.jdbc.PgConnection@199aaec8
&amp#27;[2m2025-12-11T23:59:00.593+07:00&amp#27;[0;39m &amp#27;[32m INFO&amp#27;[0;39m &amp#27;[35m2412&amp#27;[0;39m &amp#27;[2m--- [Aplikasi UI SpringBoot] [           main] &amp#27;[0;39m&amp#27;[36mcom.zaxxer.hikari.HikariDataSource      &amp#27;[0;39m &amp#27;[2m:&amp#27;[0;39m HikariPool-2 - Start completed.
&amp#27;[2m2025-12-11T23:59:00.669+07:00&amp#27;[0;39m &amp#27;[32m INFO&amp#27;[0;39m &amp#27;[35m2412&amp#27;[0;39m &amp#27;[2m--- [Aplikasi UI SpringBoot] [           main] &amp#27;[0;39m&amp#27;[36mj.LocalContainerEntityManagerFactoryBean&amp#27;[0;39m &amp#27;[2m:&amp#27;[0;39m Initialized JPA EntityManagerFactory for persistence unit 'default'
&amp#27;[2m2025-12-11T23:59:00.756+07:00&amp#27;[0;39m &amp#27;[33m WARN&amp#27;[0;39m &amp#27;[35m2412&amp#27;[0;39m &amp#27;[2m--- [Aplikasi UI SpringBoot] [           main] &amp#27;[0;39m&amp#27;[36mJpaBaseConfiguration$JpaWebConfiguration&amp#27;[0;39m &amp#27;[2m:&amp#27;[0;39m spring.jpa.open-in-view is enabled by default. Therefore, database queries may be performed during view rendering. Explicitly configure spring.jpa.open-in-view to disable this warning
&amp#27;[2m2025-12-11T23:59:00.782+07:00&amp#27;[0;39m &amp#27;[33m WARN&amp#27;[0;39m &amp#27;[35m2412&amp#27;[0;39m &amp#27;[2m--- [Aplikasi UI SpringBoot] [           main] &amp#27;[0;39m&amp#27;[36m.s.a.UserDetailsServiceAutoConfiguration&amp#27;[0;39m &amp#27;[2m:&amp#27;[0;39m 

Using generated security password: 5081d376-6aea-4d2c-8612-e65c3ea86053

This generated password is for development use only. Your security configuration must be updated before running your application in production.

&amp#27;[2m2025-12-11T23:59:00.783+07:00&amp#27;[0;39m &amp#27;[32m INFO&amp#27;[0;39m &amp#27;[35m2412&amp#27;[0;39m &amp#27;[2m--- [Aplikasi UI SpringBoot] [           main] &amp#27;[0;39m&amp#27;[36mr$InitializeUserDetailsManagerConfigurer&amp#27;[0;39m &amp#27;[2m:&amp#27;[0;39m Global AuthenticationManager configured with UserDetailsService bean with name inMemoryUserDetailsManager
&amp#27;[2m2025-12-11T23:59:00.901+07:00&amp#27;[0;39m &amp#27;[32m INFO&amp#27;[0;39m &amp#27;[35m2412&amp#27;[0;39m &amp#27;[2m--- [Aplikasi UI SpringBoot] [           main] &amp#27;[0;39m&amp#27;[36mo.s.b.t.m.w.SpringBootMockServletContext&amp#27;[0;39m &amp#27;[2m:&amp#27;[0;39m Initializing Spring TestDispatcherServlet ''
&amp#27;[2m2025-12-11T23:59:00.903+07:00&amp#27;[0;39m &amp#27;[32m INFO&amp#27;[0;39m &amp#27;[35m2412&amp#27;[0;39m &amp#27;[2m--- [Aplikasi UI SpringBoot] [           main] &amp#27;[0;39m&amp#27;[36mo.s.t.web.servlet.TestDispatcherServlet &amp#27;[0;39m &amp#27;[2m:&amp#27;[0;39m Initializing Servlet ''
&amp#27;[2m2025-12-11T23:59:00.904+07:00&amp#27;[0;39m &amp#27;[32m INFO&amp#27;[0;39m &amp#27;[35m2412&amp#27;[0;39m &amp#27;[2m--- [Aplikasi UI SpringBoot] [           main] &amp#27;[0;39m&amp#27;[36mo.s.t.web.servlet.TestDispatcherServlet &amp#27;[0;39m &amp#27;[2m:&amp#27;[0;39m Completed initialization in 1 ms
&amp#27;[2m2025-12-11T23:59:00.920+07:00&amp#27;[0;39m &amp#27;[32m INFO&amp#27;[0;39m &amp#27;[35m2412&amp#27;[0;39m &amp#27;[2m--- [Aplikasi UI SpringBoot] [           main] &amp#27;[0;39m&amp#27;[36mo.delcom.app.configs.SecurityConfigTest &amp#27;[0;39m &amp#27;[2m:&amp#27;[0;39m Started SecurityConfigTest in 0.744 seconds (process running for 12.666)

&amp#27;[32mApplication started successfully!&amp#27;[0m
&amp#27;[36m> URL: http://localhost:8080&amp#27;[0m
&amp#27;[33m> LiveReload: ENABLED (port 35729)&amp#27;[0m

]]></system-out>
  </testcase>
  <testcase name="permitAll_forAuthUrls" classname="org.delcom.app.configs.SecurityConfigTest" time="1.149">
    <system-out><![CDATA[&amp#27;[32mGET    /auth/login 200 1144ms&amp#27;[0m [org.delcom.app.configs.RequestLoggingFilter.doFilterInternal:52] from 127.0.0.1
]]></system-out>
  </testcase>
  <testcase name="passwordEncoder_shouldBeBCrypt" classname="org.delcom.app.configs.SecurityConfigTest" time="0.151"/>
  <testcase name="permitAll_forApiUrls" classname="org.delcom.app.configs.SecurityConfigTest" time="0.008">
    <system-out><![CDATA[&amp#27;[33mGET    /api/test 401 3ms&amp#27;[0m [org.delcom.app.configs.RequestLoggingFilter.doFilterInternal:52] from 127.0.0.1
]]></system-out>
  </testcase>
  <testcase name="accessDenied_redirectsToLogout" classname="org.delcom.app.configs.SecurityConfigTest" time="0.015">
    <system-out><![CDATA[&amp#27;[33mGET    /admin 404 3ms&amp#27;[0m [org.delcom.app.configs.RequestLoggingFilter.doFilterInternal:52] from 127.0.0.1
]]></system-out>
  </testcase>
</testsuite>