<?xml version="1.0" encoding="UTF-8"?>
<testsuite xmlns:xsi="http://www.w3.org/2001/XMLSchema-instance" xsi:noNamespaceSchemaLocation="https://maven.apache.org/surefire/maven-surefire-plugin/xsd/surefire-test-report-3.0.xsd" version="3.0" name="com.bakery.controller.ProductControllerTest" time="4.727" tests="48" errors="0" skipped="0" failures="0">
  <properties>
[...]
</properties>
  <testcase name="testShowCreateForm_unauthenticated" classname="com.bakery.controller.ProductControllerTest" time="0.255">
    <system-out><![CDATA[2025-12-13T09:52:56.479+07:00  INFO 16592 --- [           main] t.c.s.AnnotationConfigContextLoaderUtils : Could not detect default configuration classes for test class [com.bakery.controller.ProductControllerTest]: ProductControllerTest does not declare any static, non-private, non-final, nested classes annotated with @Configuration.
2025-12-13T09:52:56.684+07:00  INFO 16592 --- [           main] .b.t.c.SpringBootTestContextBootstrapper : Found @SpringBootConfiguration com.bakery.BakeryApplication for test class com.bakery.controller.ProductControllerTest

  .   ____          _            __ _ _
 /\\ / ___'_ __ _ _(_)_ __  __ _ \ \ \ \
( ( )\___ | '_ | '_| | '_ \/ _` | \ \ \ \
 \\/  ___)| |_)| | | | | || (_| |  ) ) ) )
  '  |____| .__|_| |_|_| |_\__, | / / / /
 =========|_|==============|___/=/_/_/_/
 :: Spring Boot ::                (v3.1.9)

2025-12-13T09:52:56.808+07:00  INFO 16592 --- [           main] c.b.controller.ProductControllerTest     : Starting ProductControllerTest using Java 17.0.17 with PID 16592 (started by ASUS in C:\ini yang bisa di akses proyek pbo)
2025-12-13T09:52:56.810+07:00 DEBUG 16592 --- [           main] c.b.controller.ProductControllerTest     : Running with Spring Boot v3.1.9, Spring v6.0.17
2025-12-13T09:52:56.810+07:00  INFO 16592 --- [           main] c.b.controller.ProductControllerTest     : No active profile set, falling back to 1 default profile: "default"
2025-12-13T09:52:57.628+07:00  INFO 16592 --- [           main] o.s.b.a.w.s.WelcomePageHandlerMapping    : Adding welcome page template: index
2025-12-13T09:52:57.769+07:00  INFO 16592 --- [           main] o.s.b.t.m.w.SpringBootMockServletContext : Initializing Spring TestDispatcherServlet ''
2025-12-13T09:52:57.771+07:00  INFO 16592 --- [           main] o.s.t.web.servlet.TestDispatcherServlet  : Initializing Servlet ''
2025-12-13T09:52:57.773+07:00  INFO 16592 --- [           main] o.s.t.web.servlet.TestDispatcherServlet  : Completed initialization in 1 ms
2025-12-13T09:52:57.801+07:00  INFO 16592 --- [           main] c.b.controller.ProductControllerTest     : Started ProductControllerTest in 1.106 seconds (process running for 25.284)
2025-12-13T09:52:58.016+07:00  INFO 16592 --- [           main] com.bakery.config.RequestLoggingFilter   : Request: GET /products/create | Status: 302 | Duration: 92ms
]]></system-out>
  </testcase>
  <testcase name="testDeleteProduct_unauthenticated" classname="com.bakery.controller.ProductControllerTest" time="0.008">
    <system-out><![CDATA[2025-12-13T09:52:58.080+07:00  INFO 16592 --- [           main] com.bakery.config.RequestLoggingFilter   : Request: POST /products/delete/d9e56eda-a619-495e-bf87-25ad2f914535 | Status: 302 | Duration: 0ms
]]></system-out>
  </testcase>
  <testcase name="testShowEditImageForm_unauthenticated" classname="com.bakery.controller.ProductControllerTest" time="0.011">
    <system-out><![CDATA[2025-12-13T09:52:58.090+07:00  INFO 16592 --- [           main] com.bakery.config.RequestLoggingFilter   : Request: GET /products/edit-image/ca4dcaee-84ec-4cb0-bf18-a92ac835a389 | Status: 302 | Duration: 0ms
]]></system-out>
  </testcase>
  <testcase name="testShowProductDetail_authenticatedAndNotFound" classname="com.bakery.controller.ProductControllerTest" time="0.12">
    <system-out><![CDATA[2025-12-13T09:52:58.212+07:00  INFO 16592 --- [           main] com.bakery.config.RequestLoggingFilter   : Request: GET /products/detail/af7dddcd-174f-4ae8-a6c5-28998fc83d03 | Status: 302 | Duration: 102ms
]]></system-out>
  </testcase>
  <testcase name="testUpdateProduct_authenticatedAndSoldCountNull" classname="com.bakery.controller.ProductControllerTest" time="0.158">
    <system-out><![CDATA[2025-12-13T09:52:58.375+07:00  INFO 16592 --- [           main] com.bakery.config.RequestLoggingFilter   : Request: POST /products/update/13b29aa3-1447-4948-a91f-dc606b33faa7 | Status: 302 | Duration: 148ms
]]></system-out>
  </testcase>
  <testcase name="testUpdateSales_otherException" classname="com.bakery.controller.ProductControllerTest" time="0.032">
    <system-out><![CDATA[2025-12-13T09:52:58.411+07:00  INFO 16592 --- [           main] com.bakery.config.RequestLoggingFilter   : Request: POST /products/update-sales/96826a04-31af-4e0a-94b1-a3c115a1c268 | Status: 200 | Duration: 22ms
]]></system-out>
  </testcase>
  <testcase name="testListProducts_authenticated" classname="com.bakery.controller.ProductControllerTest" time="1.849">
    <system-out><![CDATA[2025-12-13T09:53:00.248+07:00  INFO 16592 --- [           main] com.bakery.config.RequestLoggingFilter   : Request: GET /products | Status: 200 | Duration: 1827ms
]]></system-out>
  </testcase>
  <testcase name="testUpdateSales_authenticatedAndNotFound" classname="com.bakery.controller.ProductControllerTest" time="0.012">
    <system-out><![CDATA[2025-12-13T09:53:00.276+07:00  INFO 16592 --- [           main] com.bakery.config.RequestLoggingFilter   : Request: POST /products/update-sales/ab2edc9d-0af5-4208-b8f9-b7f76efe55c9 | Status: 302 | Duration: 2ms
]]></system-out>
  </testcase>
  <testcase name="testUpdateSales_authenticatedAndOtherException" classname="com.bakery.controller.ProductControllerTest" time="0.019">
    <system-out><![CDATA[2025-12-13T09:53:00.297+07:00  INFO 16592 --- [           main] com.bakery.config.RequestLoggingFilter   : Request: POST /products/update-sales/4148d12c-541e-479c-94d7-ff10102510ab | Status: 200 | Duration: 2ms
]]></system-out>
  </testcase>
  <testcase name="testListProducts_unauthenticated" classname="com.bakery.controller.ProductControllerTest" time="0.008">
    <system-out><![CDATA[2025-12-13T09:53:00.309+07:00  INFO 16592 --- [           main] com.bakery.config.RequestLoggingFilter   : Request: GET /products | Status: 302 | Duration: 0ms
]]></system-out>
  </testcase>
  <testcase name="testUpdateProduct_authenticatedAndValidationErrors" classname="com.bakery.controller.ProductControllerTest" time="0.12">
    <system-out><![CDATA[2025-12-13T09:53:00.427+07:00  INFO 16592 --- [           main] com.bakery.config.RequestLoggingFilter   : Request: POST /products/update/62cfbf22-05b2-4f5b-8968-5b38fe126592 | Status: 200 | Duration: 108ms
]]></system-out>
  </testcase>
  <testcase name="testUpdateSales_unauthenticated" classname="com.bakery.controller.ProductControllerTest" time="0.007">
    <system-out><![CDATA[2025-12-13T09:53:00.441+07:00  INFO 16592 --- [           main] com.bakery.config.RequestLoggingFilter   : Request: POST /products/update-sales/2f61bc41-d0f9-49da-b1c4-d8f0d8ac4042 | Status: 302 | Duration: 0ms
]]></system-out>
  </testcase>
  <testcase name="testUpdateSales_authenticatedAndSuccess" classname="com.bakery.controller.ProductControllerTest" time="0.012">
    <system-out><![CDATA[2025-12-13T09:53:00.454+07:00  INFO 16592 --- [           main] com.bakery.config.RequestLoggingFilter   : Request: POST /products/update-sales/f6c67a3a-c252-414d-8780-62cf4541337a | Status: 302 | Duration: 3ms
]]></system-out>
  </testcase>
  <testcase name="testUpdateProduct_otherException" classname="com.bakery.controller.ProductControllerTest" time="0.013">
    <system-out><![CDATA[2025-12-13T09:53:00.470+07:00  INFO 16592 --- [           main] com.bakery.config.RequestLoggingFilter   : Request: POST /products/update/27da4d33-5491-45c0-9f6a-64bf63f851e6 | Status: 200 | Duration: 4ms
]]></system-out>
  </testcase>
  <testcase name="testUpdateProduct_unauthenticated" classname="com.bakery.controller.ProductControllerTest" time="0.008">
    <system-out><![CDATA[2025-12-13T09:53:00.480+07:00  INFO 16592 --- [           main] com.bakery.config.RequestLoggingFilter   : Request: POST /products/update/70f85efb-ac3c-4b5a-86bc-1cc7b6fc5e9f | Status: 302 | Duration: 1ms
]]></system-out>
  </testcase>
  <testcase name="testUpdateProduct_authenticatedAndOtherException" classname="com.bakery.controller.ProductControllerTest" time="0.015">
    <system-out><![CDATA[2025-12-13T09:53:00.497+07:00  INFO 16592 --- [           main] com.bakery.config.RequestLoggingFilter   : Request: POST /products/update/6bc53812-c9c3-4e5a-a17b-d625536c0558 | Status: 200 | Duration: 4ms
]]></system-out>
  </testcase>
  <testcase name="testCreateProduct_withEmptyImageFile" classname="com.bakery.controller.ProductControllerTest" time="0.034">
    <system-out><![CDATA[2025-12-13T09:53:00.532+07:00  INFO 16592 --- [           main] com.bakery.config.RequestLoggingFilter   : Request: POST /products/create | Status: 302 | Duration: 7ms
]]></system-out>
  </testcase>
  <testcase name="testShowProductDetail_unauthenticated" classname="com.bakery.controller.ProductControllerTest" time="0.007">
    <system-out><![CDATA[2025-12-13T09:53:00.542+07:00  INFO 16592 --- [           main] com.bakery.config.RequestLoggingFilter   : Request: GET /products/detail/b3dbc41e-0aac-4967-aed7-bb855e36367c | Status: 302 | Duration: 0ms
]]></system-out>
  </testcase>
  <testcase name="testUpdateProductImage_authenticatedAndOtherException" classname="com.bakery.controller.ProductControllerTest" time="0.013">
    <system-out><![CDATA[2025-12-13T09:53:00.558+07:00  INFO 16592 --- [           main] com.bakery.config.RequestLoggingFilter   : Request: POST /products/update-image/76480d4e-c4d9-4f4e-a336-3acf5a8e9cbe | Status: 200 | Duration: 4ms
]]></system-out>
  </testcase>
  <testcase name="testShowDeleteConfirmation_authenticatedAndNotFound" classname="com.bakery.controller.ProductControllerTest" time="0.01">
    <system-out><![CDATA[2025-12-13T09:53:00.570+07:00  INFO 16592 --- [           main] com.bakery.config.RequestLoggingFilter   : Request: GET /products/confirm-delete/820af59f-f21c-43f7-a2bf-40b52bc8210e | Status: 302 | Duration: 3ms
]]></system-out>
  </testcase>
  <testcase name="testDeleteProduct_authenticatedAndSuccess" classname="com.bakery.controller.ProductControllerTest" time="0.009">
    <system-out><![CDATA[2025-12-13T09:53:00.583+07:00  INFO 16592 --- [           main] com.bakery.config.RequestLoggingFilter   : Request: POST /products/delete/d2c2d595-3a8f-49c8-baeb-e0d69760e620 | Status: 302 | Duration: 2ms
]]></system-out>
  </testcase>
  <testcase name="testShowProductDetail_authenticatedAndFound" classname="com.bakery.controller.ProductControllerTest" time="0.091">
    <system-out><![CDATA[2025-12-13T09:53:00.677+07:00  INFO 16592 --- [           main] com.bakery.config.RequestLoggingFilter   : Request: GET /products/detail/fae5fe1d-0976-4df4-be18-8b31ad781de5 | Status: 200 | Duration: 83ms
]]></system-out>
  </testcase>
  <testcase name="testShowEditImageForm_authenticatedAndNotFound" classname="com.bakery.controller.ProductControllerTest" time="0.008">
    <system-out><![CDATA[2025-12-13T09:53:00.688+07:00  INFO 16592 --- [           main] com.bakery.config.RequestLoggingFilter   : Request: GET /products/edit-image/8329aee7-5fab-493d-9aa2-95b39575ce46 | Status: 302 | Duration: 1ms
]]></system-out>
  </testcase>
  <testcase name="testCreateProduct_unauthenticated" classname="com.bakery.controller.ProductControllerTest" time="0.009">
    <system-out><![CDATA[2025-12-13T09:53:00.697+07:00  INFO 16592 --- [           main] com.bakery.config.RequestLoggingFilter   : Request: POST /products/create | Status: 302 | Duration: 0ms
]]></system-out>
  </testcase>
  <testcase name="testUpdateProduct_soldCountNullAndNoExistingProduct" classname="com.bakery.controller.ProductControllerTest" time="0.012">
    <system-out><![CDATA[2025-12-13T09:53:00.712+07:00  INFO 16592 --- [           main] com.bakery.config.RequestLoggingFilter   : Request: POST /products/update/97f4016c-94d1-4da0-9bc6-5e98654153ff | Status: 302 | Duration: 4ms
]]></system-out>
  </testcase>
  <testcase name="testCreateProduct_withoutImageFile" classname="com.bakery.controller.ProductControllerTest" time="0.009">
    <system-out><![CDATA[2025-12-13T09:53:00.726+07:00  INFO 16592 --- [           main] com.bakery.config.RequestLoggingFilter   : Request: POST /products/create | Status: 302 | Duration: 3ms
]]></system-out>
  </testcase>
  <testcase name="testShowEditForm_unauthenticated" classname="com.bakery.controller.ProductControllerTest" time="0.007">
    <system-out><![CDATA[2025-12-13T09:53:00.736+07:00  INFO 16592 --- [           main] com.bakery.config.RequestLoggingFilter   : Request: GET /products/edit/9e370ba6-3279-4597-9700-203281591ddf | Status: 302 | Duration: 0ms
]]></system-out>
  </testcase>
  <testcase name="testUpdateProduct_soldCountNullAndExistingProductHasNullSoldCount" classname="com.bakery.controller.ProductControllerTest" time="0.013">
    <system-out><![CDATA[2025-12-13T09:53:00.749+07:00  INFO 16592 --- [           main] com.bakery.config.RequestLoggingFilter   : Request: POST /products/update/e2632f15-3697-4d42-8010-19f8273d1995 | Status: 302 | Duration: 4ms
]]></system-out>
  </testcase>
  <testcase name="testUpdateProduct_authenticatedAndSuccess" classname="com.bakery.controller.ProductControllerTest" time="0.015">
    <system-out><![CDATA[2025-12-13T09:53:00.766+07:00  INFO 16592 --- [           main] com.bakery.config.RequestLoggingFilter   : Request: POST /products/update/0ba484c0-599f-4ef0-80b9-0e56a7ccef70 | Status: 302 | Duration: 5ms
]]></system-out>
  </testcase>
  <testcase name="testShowEditImageForm_authenticatedAndFound" classname="com.bakery.controller.ProductControllerTest" time="0.104">
    <system-out><![CDATA[2025-12-13T09:53:00.872+07:00  INFO 16592 --- [           main] com.bakery.config.RequestLoggingFilter   : Request: GET /products/edit-image/04e0e9cf-4c29-4d0e-b099-d71a6da66998 | Status: 200 | Duration: 94ms
]]></system-out>
  </testcase>
  <testcase name="testUpdateProductImage_unauthenticated" classname="com.bakery.controller.ProductControllerTest" time="0.007">
    <system-out><![CDATA[2025-12-13T09:53:00.882+07:00  INFO 16592 --- [           main] com.bakery.config.RequestLoggingFilter   : Request: POST /products/update-image/8d57d8b4-eb27-447c-8ee7-ca5761367457 | Status: 302 | Duration: 0ms
]]></system-out>
  </testcase>
  <testcase name="testCreateProduct_success" classname="com.bakery.controller.ProductControllerTest" time="0.012">
    <system-out><![CDATA[2025-12-13T09:53:00.896+07:00  INFO 16592 --- [           main] com.bakery.config.RequestLoggingFilter   : Request: POST /products/create | Status: 302 | Duration: 4ms
]]></system-out>
  </testcase>
  <testcase name="testShowUpdateSalesForm_authenticatedAndNotFound" classname="com.bakery.controller.ProductControllerTest" time="0.01">
    <system-out><![CDATA[2025-12-13T09:53:00.908+07:00  INFO 16592 --- [           main] com.bakery.config.RequestLoggingFilter   : Request: GET /products/update-sales/9f0f3601-22e8-4447-9c54-96fc120f32f5 | Status: 302 | Duration: 2ms
]]></system-out>
  </testcase>
  <testcase name="testUpdateProductImage_success" classname="com.bakery.controller.ProductControllerTest" time="0.012">
    <system-out><![CDATA[2025-12-13T09:53:00.922+07:00  INFO 16592 --- [           main] com.bakery.config.RequestLoggingFilter   : Request: POST /products/update-image/abdd7731-4eb6-4cb1-9609-228714214196 | Status: 302 | Duration: 2ms
]]></system-out>
  </testcase>
  <testcase name="testShowCreateForm_authenticated" classname="com.bakery.controller.ProductControllerTest" time="0.022">
    <system-out><![CDATA[2025-12-13T09:53:00.947+07:00  INFO 16592 --- [           main] com.bakery.config.RequestLoggingFilter   : Request: GET /products/create | Status: 200 | Duration: 16ms
]]></system-out>
  </testcase>
  <testcase name="testShowDeleteConfirmation_unauthenticated" classname="com.bakery.controller.ProductControllerTest" time="0.006">
    <system-out><![CDATA[2025-12-13T09:53:00.958+07:00  INFO 16592 --- [           main] com.bakery.config.RequestLoggingFilter   : Request: GET /products/confirm-delete/9e6a4969-98a4-43a3-86aa-85dd0609370e | Status: 302 | Duration: 1ms
]]></system-out>
  </testcase>
  <testcase name="testUpdateProduct_withNonNullSoldCount" classname="com.bakery.controller.ProductControllerTest" time="0.012">
    <system-out><![CDATA[2025-12-13T09:53:00.969+07:00  INFO 16592 --- [           main] com.bakery.config.RequestLoggingFilter   : Request: POST /products/update/dd45779b-7b8b-45ce-8215-9715de9c38fe | Status: 302 | Duration: 4ms
]]></system-out>
  </testcase>
  <testcase name="testUpdateProduct_authenticatedAndNotFound" classname="com.bakery.controller.ProductControllerTest" time="0.019">
    <system-out><![CDATA[2025-12-13T09:53:00.983+07:00  INFO 16592 --- [           main] com.bakery.config.RequestLoggingFilter   : Request: POST /products/update/26226619-3599-41f9-917d-dc37194617ef | Status: 302 | Duration: 5ms
]]></system-out>
  </testcase>
  <testcase name="testShowDeleteConfirmation_authenticatedAndFound" classname="com.bakery.controller.ProductControllerTest" time="0.017">
    <system-out><![CDATA[2025-12-13T09:53:01.008+07:00  INFO 16592 --- [           main] com.bakery.config.RequestLoggingFilter   : Request: GET /products/confirm-delete/863e56bb-a17d-469b-9bd0-0342fdb590af | Status: 200 | Duration: 8ms
]]></system-out>
  </testcase>
  <testcase name="testUpdateProductImage_authenticatedAndIOException" classname="com.bakery.controller.ProductControllerTest" time="0.01">
    <system-out><![CDATA[2025-12-13T09:53:01.022+07:00  INFO 16592 --- [           main] com.bakery.config.RequestLoggingFilter   : Request: POST /products/update-image/d9929755-7aa4-4b2a-a3bc-df050ab06773 | Status: 302 | Duration: 4ms
]]></system-out>
    <system-err><![CDATA[Failed to update product image: File upload failed
]]></system-err>
  </testcase>
  <testcase name="testUpdateProductImage_authenticatedAndSuccess" classname="com.bakery.controller.ProductControllerTest" time="0.011">
    <system-out><![CDATA[2025-12-13T09:53:01.035+07:00  INFO 16592 --- [           main] com.bakery.config.RequestLoggingFilter   : Request: POST /products/update-image/b7824cee-20fa-4c2e-91f9-453cc9f274f3 | Status: 302 | Duration: 2ms
]]></system-out>
  </testcase>
  <testcase name="testShowEditForm_authenticatedAndNotFound" classname="com.bakery.controller.ProductControllerTest" time="0.01">
    <system-out><![CDATA[2025-12-13T09:53:01.046+07:00  INFO 16592 --- [           main] com.bakery.config.RequestLoggingFilter   : Request: GET /products/edit/053e0be4-17a1-4c0f-86eb-087ce2b8f395 | Status: 302 | Duration: 3ms
]]></system-out>
  </testcase>
  <testcase name="testCreateProduct_withNullSoldCount" classname="com.bakery.controller.ProductControllerTest" time="0.015">
    <system-out><![CDATA[2025-12-13T09:53:01.061+07:00  INFO 16592 --- [           main] com.bakery.config.RequestLoggingFilter   : Request: POST /products/create | Status: 302 | Duration: 4ms
]]></system-out>
  </testcase>
  <testcase name="testShowUpdateSalesForm_unauthenticated" classname="com.bakery.controller.ProductControllerTest" time="0.009">
    <system-out><![CDATA[2025-12-13T09:53:01.075+07:00  INFO 16592 --- [           main] com.bakery.config.RequestLoggingFilter   : Request: GET /products/update-sales/a90096ed-6366-4cec-9e4a-44b601f00aeb | Status: 302 | Duration: 1ms
]]></system-out>
  </testcase>
  <testcase name="testShowUpdateSalesForm_authenticatedAndFound" classname="com.bakery.controller.ProductControllerTest" time="0.027">
    <system-out><![CDATA[2025-12-13T09:53:01.102+07:00  INFO 16592 --- [           main] com.bakery.config.RequestLoggingFilter   : Request: GET /products/update-sales/252933ec-0b0c-41f4-8f71-0fe528d4ac69 | Status: 200 | Duration: 18ms
]]></system-out>
  </testcase>
  <testcase name="testCreateProduct_soldCountExplicitlySet" classname="com.bakery.controller.ProductControllerTest" time="0.01">
    <system-out><![CDATA[2025-12-13T09:53:01.114+07:00  INFO 16592 --- [           main] com.bakery.config.RequestLoggingFilter   : Request: POST /products/create | Status: 302 | Duration: 2ms
]]></system-out>
  </testcase>
  <testcase name="testCreateProduct_invalidData" classname="com.bakery.controller.ProductControllerTest" time="0.022">
    <system-out><![CDATA[2025-12-13T09:53:01.138+07:00  INFO 16592 --- [           main] com.bakery.config.RequestLoggingFilter   : Request: POST /products/create | Status: 200 | Duration: 12ms
]]></system-out>
  </testcase>
  <testcase name="testShowEditForm_authenticatedAndFound" classname="com.bakery.controller.ProductControllerTest" time="0.03">
    <system-out><![CDATA[2025-12-13T09:53:01.170+07:00  INFO 16592 --- [           main] com.bakery.config.RequestLoggingFilter   : Request: GET /products/edit/88d8b027-1a58-4283-8558-9b8c4cce7155 | Status: 200 | Duration: 21ms
]]></system-out>
  </testcase>
</testsuite>